timestamp: 2014-11-02T21:10:25.651955
CREATE TABLE auth_user(
    id INTEGER PRIMARY KEY AUTOINCREMENT,
    first_name CHAR(128),
    last_name CHAR(128),
    email CHAR(512),
    password CHAR(512),
    registration_key CHAR(512),
    reset_password_key CHAR(512),
    registration_id CHAR(512)
);
success!
timestamp: 2014-11-02T21:10:25.833908
CREATE TABLE auth_group(
    id INTEGER PRIMARY KEY AUTOINCREMENT,
    role CHAR(512),
    description TEXT
);
success!
timestamp: 2014-11-02T21:10:25.968084
CREATE TABLE auth_membership(
    id INTEGER PRIMARY KEY AUTOINCREMENT,
    user_id INTEGER REFERENCES auth_user (id) ON DELETE CASCADE,
    group_id INTEGER REFERENCES auth_group (id) ON DELETE CASCADE
);
success!
timestamp: 2014-11-02T21:10:26.091548
CREATE TABLE auth_permission(
    id INTEGER PRIMARY KEY AUTOINCREMENT,
    group_id INTEGER REFERENCES auth_group (id) ON DELETE CASCADE,
    name CHAR(512),
    table_name CHAR(512),
    record_id INTEGER
);
success!
timestamp: 2014-11-02T21:10:26.203672
CREATE TABLE auth_event(
    id INTEGER PRIMARY KEY AUTOINCREMENT,
    time_stamp TIMESTAMP,
    client_ip CHAR(512),
    user_id INTEGER REFERENCES auth_user (id) ON DELETE CASCADE,
    origin CHAR(512),
    description TEXT
);
success!
timestamp: 2014-11-02T21:10:26.315714
CREATE TABLE auth_cas(
    id INTEGER PRIMARY KEY AUTOINCREMENT,
    user_id INTEGER REFERENCES auth_user (id) ON DELETE CASCADE,
    created_on TIMESTAMP,
    service CHAR(512),
    ticket CHAR(512),
    renew CHAR(1)
);
success!
timestamp: 2014-11-07T17:44:56.187190
CREATE TABLE credentials(
    user_id INTEGER PRIMARY KEY AUTOINCREMENT,
    username CHAR(512),
    password CHAR(512)
);
success!
timestamp: 2014-11-07T19:17:40.987944
CREATE TABLE personal_details(
    pid INTEGER PRIMARY KEY AUTOINCREMENT,
    user_id INTEGER REFERENCES credentials (user_id) ON DELETE CASCADE,
    First_Name CHAR(512),
    Last_Name CHAR(512),
    Email CHAR(512)
);
success!
timestamp: 2014-11-07T19:35:19.260730
CREATE TABLE links(
    id INT AUTO_INCREMENT NOT NULL,
    url VARCHAR(512),
    PRIMARY KEY (id)
) ENGINE=InnoDB CHARACTER SET utf8;
success!
timestamp: 2014-11-07T19:36:42.017478
CREATE TABLE credentials(
    user_id INT AUTO_INCREMENT NOT NULL,
    username VARCHAR(512),
    password VARCHAR(512),
    PRIMARY KEY (user_id)
) ENGINE=InnoDB CHARACTER SET utf8;
success!
timestamp: 2014-11-07T19:36:42.209144
CREATE TABLE personal_details(
    pid INT AUTO_INCREMENT NOT NULL,
    user_id INT, INDEX user_id__idx (user_id), FOREIGN KEY (user_id) REFERENCES credentials (user_id) ON DELETE CASCADE,
    First_Name VARCHAR(512),
    Last_Name VARCHAR(512),
    Email VARCHAR(512),
    PRIMARY KEY (pid)
) ENGINE=InnoDB CHARACTER SET utf8;
success!
